<?xml version="1.0" encoding="UTF-8"?>
<!-- Generated by org.testng.reporters.JUnitXMLReporter -->
<testsuite ignored="0" hostname="DESKTOP-9RG7NDH" failures="0" tests="3" name="Login_Test" time="47.473" errors="0" timestamp="2024-02-17T09:06:14 IST">
  <testcase classname="com.mystore.testcases.TC_LoginPageTestDataDrivenTesting" name="Login" time="1.039"/>
  <testcase classname="com.mystore.testcases.TC_LoginPageTestDataDrivenTesting" name="Login" time="0.718"/>
  <testcase classname="com.mystore.testcases.TC_LoginPageTestDataDrivenTesting" name="Youtube" time="32.945"/>
</testsuite> <!-- Login_Test -->
