<?xml version="1.0" encoding="UTF-8"?>
<testng-results ignored="0" total="3" passed="3" failed="0" skipped="0">
  <reporter-output>
  </reporter-output>
  <suite started-at="2023-04-09T10:21:55 IST" name="Login" finished-at="2023-04-09T10:22:37 IST" duration-ms="42592">
    <groups>
    </groups>
    <test started-at="2023-04-09T10:21:55 IST" name="Login_Test" finished-at="2023-04-09T10:22:37 IST" duration-ms="42592">
      <class name="com.mystore.testcases.TC_LoginPageTestDataDrivenTesting">
        <test-method is-config="true" signature="setup()[pri:0, instance:com.mystore.testcases.TC_LoginPageTestDataDrivenTesting@8f4ea7c]" started-at="2023-04-09T10:21:55 IST" name="setup" finished-at="2023-04-09T10:22:03 IST" duration-ms="8156" status="PASS">
          <reporter-output>
          </reporter-output>
        </test-method> <!-- setup -->
        <test-method signature="Login(java.lang.String,java.lang.String)[pri:0, instance:com.mystore.testcases.TC_LoginPageTestDataDrivenTesting@8f4ea7c]" started-at="2023-04-09T10:22:05 IST" name="Login" data-provider="LoginDataProvider" finished-at="2023-04-09T10:22:05 IST" duration-ms="938" status="PASS">
          <params>
            <param index="0">
              <value>
                <![CDATA[standard_user]]>
              </value>
            </param>
            <param index="1">
              <value>
                <![CDATA[secret_sauce]]>
              </value>
            </param>
          </params>
          <reporter-output>
          </reporter-output>
        </test-method> <!-- Login -->
        <test-method signature="Login(java.lang.String,java.lang.String)[pri:0, instance:com.mystore.testcases.TC_LoginPageTestDataDrivenTesting@8f4ea7c]" started-at="2023-04-09T10:22:06 IST" name="Login" data-provider="LoginDataProvider" finished-at="2023-04-09T10:22:06 IST" duration-ms="614" status="PASS">
          <params>
            <param index="0">
              <value>
                <![CDATA[problem_user]]>
              </value>
            </param>
            <param index="1">
              <value>
                <![CDATA[secret_sauce]]>
              </value>
            </param>
          </params>
          <reporter-output>
          </reporter-output>
        </test-method> <!-- Login -->
        <test-method signature="Youtube(java.lang.String)[pri:0, instance:com.mystore.testcases.TC_LoginPageTestDataDrivenTesting@8f4ea7c]" started-at="2023-04-09T10:22:06 IST" name="Youtube" finished-at="2023-04-09T10:22:37 IST" duration-ms="30988" status="PASS">
          <params>
            <param index="0">
              <value>
                <![CDATA[Shiv Shiv Shiv shambhu mahadev shambhu]]>
              </value>
            </param>
          </params>
          <reporter-output>
          </reporter-output>
        </test-method> <!-- Youtube -->
      </class> <!-- com.mystore.testcases.TC_LoginPageTestDataDrivenTesting -->
    </test> <!-- Login_Test -->
  </suite> <!-- Login -->
</testng-results>
