<?xml version="1.0" encoding="UTF-8"?>
<testsuite xmlns:xsi="http://www.w3.org/2001/XMLSchema-instance" xsi:noNamespaceSchemaLocation="https://maven.apache.org/surefire/maven-surefire-plugin/xsd/surefire-test-report-3.0.xsd" version="3.0" name="TestSuite" time="44.348" tests="3" errors="0" skipped="0" failures="0">
  <properties>
[...]
</properties>
  <testcase name="Login[standard_user, secret_sauce](1)" classname="com.mystore.testcases.TC_LoginPageTestDataDrivenTesting" time="0.967">
    <system-out><![CDATA[On start method invoked...
[DEBUG] 2023-04-09 10:21:57.223 [main] InternalLoggerFactory - Using Log4J2 as the default logging framework
[DEBUG] 2023-04-09 10:21:57.235 [main] ResourceLeakDetector - -Dio.netty.leakDetection.level: simple
[DEBUG] 2023-04-09 10:21:57.235 [main] ResourceLeakDetector - -Dio.netty.leakDetection.targetRecords: 4
[DEBUG] 2023-04-09 10:21:57.242 [main] ResourceLeakDetectorFactory - Loaded default ResourceLeakDetector: io.netty.util.ResourceLeakDetector@6df3e44c
[DEBUG] 2023-04-09 10:21:57.265 [main] PlatformDependent0 - -Dio.netty.noUnsafe: false
[DEBUG] 2023-04-09 10:21:57.265 [main] PlatformDependent0 - Java version: 19
[DEBUG] 2023-04-09 10:21:57.267 [main] PlatformDependent0 - sun.misc.Unsafe.theUnsafe: available
[DEBUG] 2023-04-09 10:21:57.268 [main] PlatformDependent0 - sun.misc.Unsafe.copyMemory: available
[DEBUG] 2023-04-09 10:21:57.268 [main] PlatformDependent0 - sun.misc.Unsafe.storeFence: available
[DEBUG] 2023-04-09 10:21:57.270 [main] PlatformDependent0 - java.nio.Buffer.address: available
[DEBUG] 2023-04-09 10:21:57.270 [main] PlatformDependent0 - direct buffer constructor: unavailable: Reflective setAccessible(true) disabled
[DEBUG] 2023-04-09 10:21:57.272 [main] PlatformDependent0 - java.nio.Bits.unaligned: available, true
[DEBUG] 2023-04-09 10:21:57.273 [main] PlatformDependent0 - jdk.internal.misc.Unsafe.allocateUninitializedArray(int): unavailable: class io.netty.util.internal.PlatformDependent0$7 cannot access class jdk.internal.misc.Unsafe (in module java.base) because module java.base does not export jdk.internal.misc to unnamed module @1ed1993a
[DEBUG] 2023-04-09 10:21:57.274 [main] PlatformDependent0 - java.nio.DirectByteBuffer.<init>(long, int): unavailable
[DEBUG] 2023-04-09 10:21:57.275 [main] PlatformDependent - sun.misc.Unsafe: available
[DEBUG] 2023-04-09 10:21:57.276 [main] PlatformDependent - maxDirectMemory: 2120220672 bytes (maybe)
[DEBUG] 2023-04-09 10:21:57.276 [main] PlatformDependent - -Dio.netty.tmpdir: C:\Users\Sai\AppData\Local\Temp (java.io.tmpdir)
[DEBUG] 2023-04-09 10:21:57.276 [main] PlatformDependent - -Dio.netty.bitMode: 64 (sun.arch.data.model)
[DEBUG] 2023-04-09 10:21:57.277 [main] PlatformDependent - Platform: Windows
[DEBUG] 2023-04-09 10:21:57.278 [main] PlatformDependent - -Dio.netty.maxDirectMemory: -1 bytes
[DEBUG] 2023-04-09 10:21:57.278 [main] PlatformDependent - -Dio.netty.uninitializedArrayAllocationThreshold: -1
[DEBUG] 2023-04-09 10:21:57.281 [main] CleanerJava9 - java.nio.ByteBuffer.cleaner(): available
[DEBUG] 2023-04-09 10:21:57.282 [main] PlatformDependent - -Dio.netty.noPreferDirect: false
[DEBUG] 2023-04-09 10:21:57.295 [main] PlatformDependent - org.jctools-core.MpscChunkedArrayQueue: available
[DEBUG] 2023-04-09 10:21:57.319 [main] InternalThreadLocalMap - -Dio.netty.threadLocalMap.stringBuilder.initialSize: 1024
[DEBUG] 2023-04-09 10:21:57.319 [main] InternalThreadLocalMap - -Dio.netty.threadLocalMap.stringBuilder.maxSize: 4096
[DEBUG] 2023-04-09 10:21:57.407 [main] JdkSslContext - Default protocols (JDK): [TLSv1.3, TLSv1.2] 
[DEBUG] 2023-04-09 10:21:57.407 [main] JdkSslContext - Default cipher suites (JDK): [TLS_ECDHE_ECDSA_WITH_AES_256_GCM_SHA384, TLS_ECDHE_ECDSA_WITH_AES_128_GCM_SHA256, TLS_ECDHE_RSA_WITH_AES_128_GCM_SHA256, TLS_ECDHE_RSA_WITH_AES_256_GCM_SHA384, TLS_ECDHE_RSA_WITH_AES_128_CBC_SHA, TLS_ECDHE_RSA_WITH_AES_256_CBC_SHA, TLS_RSA_WITH_AES_128_GCM_SHA256, TLS_RSA_WITH_AES_128_CBC_SHA, TLS_RSA_WITH_AES_256_CBC_SHA, TLS_AES_128_GCM_SHA256, TLS_AES_256_GCM_SHA384]
[DEBUG] 2023-04-09 10:21:57.462 [main] MultithreadEventLoopGroup - -Dio.netty.eventLoopThreads: 8
[DEBUG] 2023-04-09 10:21:57.479 [main] NioEventLoop - -Dio.netty.noKeySetOptimization: false
[DEBUG] 2023-04-09 10:21:57.479 [main] NioEventLoop - -Dio.netty.selectorAutoRebuildThreshold: 512
[DEBUG] 2023-04-09 10:21:57.615 [main] PooledByteBufAllocator - -Dio.netty.allocator.numHeapArenas: 8
[DEBUG] 2023-04-09 10:21:57.616 [main] PooledByteBufAllocator - -Dio.netty.allocator.numDirectArenas: 8
[DEBUG] 2023-04-09 10:21:57.617 [main] PooledByteBufAllocator - -Dio.netty.allocator.pageSize: 8192
[DEBUG] 2023-04-09 10:21:57.618 [main] PooledByteBufAllocator - -Dio.netty.allocator.maxOrder: 9
[DEBUG] 2023-04-09 10:21:57.619 [main] PooledByteBufAllocator - -Dio.netty.allocator.chunkSize: 4194304
[DEBUG] 2023-04-09 10:21:57.619 [main] PooledByteBufAllocator - -Dio.netty.allocator.smallCacheSize: 256
[DEBUG] 2023-04-09 10:21:57.619 [main] PooledByteBufAllocator - -Dio.netty.allocator.normalCacheSize: 64
[DEBUG] 2023-04-09 10:21:57.620 [main] PooledByteBufAllocator - -Dio.netty.allocator.maxCachedBufferCapacity: 32768
[DEBUG] 2023-04-09 10:21:57.621 [main] PooledByteBufAllocator - -Dio.netty.allocator.cacheTrimInterval: 8192
[DEBUG] 2023-04-09 10:21:57.621 [main] PooledByteBufAllocator - -Dio.netty.allocator.cacheTrimIntervalMillis: 0
[DEBUG] 2023-04-09 10:21:57.621 [main] PooledByteBufAllocator - -Dio.netty.allocator.useCacheForAllThreads: false
[DEBUG] 2023-04-09 10:21:57.621 [main] PooledByteBufAllocator - -Dio.netty.allocator.maxCachedByteBuffersPerChunk: 1023
[DEBUG] 2023-04-09 10:21:57.653 [main] ByteBufUtil - -Dio.netty.allocator.type: pooled
[DEBUG] 2023-04-09 10:21:57.653 [main] ByteBufUtil - -Dio.netty.threadLocalDirectBufferSize: 0
[DEBUG] 2023-04-09 10:21:57.655 [main] ByteBufUtil - -Dio.netty.maxThreadLocalCharBufferSize: 16384
[DEBUG] 2023-04-09 10:21:58.364 [Forwarding newSession on session null to remote] DefaultChannelId - -Dio.netty.processId: 9792 (auto-detected)
[DEBUG] 2023-04-09 10:21:58.367 [Forwarding newSession on session null to remote] NetUtil - -Djava.net.preferIPv4Stack: false
[DEBUG] 2023-04-09 10:21:58.368 [Forwarding newSession on session null to remote] NetUtil - -Djava.net.preferIPv6Addresses: false
[DEBUG] 2023-04-09 10:21:58.385 [Forwarding newSession on session null to remote] NetUtilInitializations - Loopback interface: lo (Software Loopback Interface 1, 127.0.0.1)
[DEBUG] 2023-04-09 10:21:58.387 [Forwarding newSession on session null to remote] NetUtil - Failed to get SOMAXCONN from sysctl and file \proc\sys\net\core\somaxconn. Default: 200
[DEBUG] 2023-04-09 10:21:58.437 [Forwarding newSession on session null to remote] DefaultChannelId - -Dio.netty.machineId: 58:00:e3:ff:fe:a0:7b:5b (auto-detected)
[DEBUG] 2023-04-09 10:21:58.533 [AsyncHttpClient-1-2] AbstractByteBuf - -Dio.netty.buffer.checkAccessible: true
[DEBUG] 2023-04-09 10:21:58.534 [AsyncHttpClient-1-2] AbstractByteBuf - -Dio.netty.buffer.checkBounds: true
[DEBUG] 2023-04-09 10:21:58.534 [AsyncHttpClient-1-2] ResourceLeakDetectorFactory - Loaded default ResourceLeakDetector: io.netty.util.ResourceLeakDetector@dd44e34
[DEBUG] 2023-04-09 10:21:58.615 [AsyncHttpClient-1-2] Recycler - -Dio.netty.recycler.maxCapacityPerThread: 4096
[DEBUG] 2023-04-09 10:21:58.615 [AsyncHttpClient-1-2] Recycler - -Dio.netty.recycler.ratio: 8
[DEBUG] 2023-04-09 10:21:58.615 [AsyncHttpClient-1-2] Recycler - -Dio.netty.recycler.chunkSize: 32
[DEBUG] 2023-04-09 10:21:58.616 [AsyncHttpClient-1-2] Recycler - -Dio.netty.recycler.blocking: false
[DEBUG] 2023-04-09 10:22:00.146 [AsyncHttpClient-1-2] Brotli - brotli4j not in the classpath; Brotli support will be unavailable.
[DEBUG] 2023-04-09 10:22:00.354 [main] ThreadLocalRandom - -Dio.netty.initialSeedUniquifier: 0xc2fe9a24aab8a7dc
[INFO ] 2023-04-09 10:22:03.541 [main] MyStoreV1 - url opened
[DEBUG] 2023-04-09 10:22:03.773 [main] PackageRelationshipCollection - Parsing relationship: /xl/_rels/workbook.xml.rels
[DEBUG] 2023-04-09 10:22:03.779 [main] PackageRelationshipCollection - Parsing relationship: /xl/worksheets/_rels/sheet1.xml.rels
[DEBUG] 2023-04-09 10:22:03.782 [main] PackageRelationshipCollection - Parsing relationship: /_rels/.rels
[DEBUG] 2023-04-09 10:22:04.699 [main] PackageRelationshipCollection - Parsing relationship: /xl/_rels/workbook.xml.rels
[DEBUG] 2023-04-09 10:22:04.702 [main] PackageRelationshipCollection - Parsing relationship: /xl/worksheets/_rels/sheet1.xml.rels
[DEBUG] 2023-04-09 10:22:04.705 [main] PackageRelationshipCollection - Parsing relationship: /_rels/.rels
[DEBUG] 2023-04-09 10:22:04.752 [main] PackageRelationshipCollection - Parsing relationship: /xl/_rels/workbook.xml.rels
[DEBUG] 2023-04-09 10:22:04.753 [main] PackageRelationshipCollection - Parsing relationship: /xl/worksheets/_rels/sheet1.xml.rels
[DEBUG] 2023-04-09 10:22:04.755 [main] PackageRelationshipCollection - Parsing relationship: /_rels/.rels
[DEBUG] 2023-04-09 10:22:04.809 [main] PackageRelationshipCollection - Parsing relationship: /xl/_rels/workbook.xml.rels
[DEBUG] 2023-04-09 10:22:04.811 [main] PackageRelationshipCollection - Parsing relationship: /xl/worksheets/_rels/sheet1.xml.rels
[DEBUG] 2023-04-09 10:22:04.814 [main] PackageRelationshipCollection - Parsing relationship: /_rels/.rels
[DEBUG] 2023-04-09 10:22:04.869 [main] PackageRelationshipCollection - Parsing relationship: /xl/_rels/workbook.xml.rels
[DEBUG] 2023-04-09 10:22:04.886 [main] PackageRelationshipCollection - Parsing relationship: /xl/worksheets/_rels/sheet1.xml.rels
[DEBUG] 2023-04-09 10:22:04.895 [main] PackageRelationshipCollection - Parsing relationship: /_rels/.rels
[DEBUG] 2023-04-09 10:22:04.951 [main] PackageRelationshipCollection - Parsing relationship: /xl/_rels/workbook.xml.rels
[DEBUG] 2023-04-09 10:22:04.953 [main] PackageRelationshipCollection - Parsing relationship: /xl/worksheets/_rels/sheet1.xml.rels
[DEBUG] 2023-04-09 10:22:04.955 [main] PackageRelationshipCollection - Parsing relationship: /_rels/.rels
Name of Started test method: Login
[INFO ] 2023-04-09 10:22:05.256 [main] MyStoreV1 - Entered Username
[INFO ] 2023-04-09 10:22:05.415 [main] MyStoreV1 - Entered Password
[INFO ] 2023-04-09 10:22:05.645 [main] MyStoreV1 - Clicked on Login Button
[INFO ] 2023-04-09 10:22:05.810 [main] MyStoreV1 - Clicked on menu button
[INFO ] 2023-04-09 10:22:05.982 [main] MyStoreV1 - Clicked on Logout Button
Name of Successfully executed test method: Login
]]></system-out>
    <system-err><![CDATA[SLF4J: Failed to load class "org.slf4j.impl.StaticLoggerBinder".
SLF4J: Defaulting to no-operation (NOP) logger implementation
SLF4J: See http://www.slf4j.org/codes.html#StaticLoggerBinder for further details.
Starting ChromeDriver 111.0.5563.64 (c710e93d5b63b7095afe8c2c17df34408078439d-refs/branch-heads/5563@{#995}) on port 12985
Only local connections are allowed.
Please see https://chromedriver.chromium.org/security-considerations for suggestions on keeping ChromeDriver safe.
ChromeDriver was started successfully.
Apr 09, 2023 10:22:00 AM org.openqa.selenium.devtools.CdpVersionFinder findNearestMatch
WARNING: Unable to find an exact match for CDP version 111, so returning the closest version found: 107
]]></system-err>
  </testcase>
  <testcase name="Login[problem_user, secret_sauce](2)" classname="com.mystore.testcases.TC_LoginPageTestDataDrivenTesting" time="0.598">
    <system-out><![CDATA[Name of Started test method: Login
[INFO ] 2023-04-09 10:22:06.126 [main] MyStoreV1 - Entered Username
[INFO ] 2023-04-09 10:22:06.257 [main] MyStoreV1 - Entered Password
[INFO ] 2023-04-09 10:22:06.379 [main] MyStoreV1 - Clicked on Login Button
[INFO ] 2023-04-09 10:22:06.464 [main] MyStoreV1 - Clicked on menu button
[INFO ] 2023-04-09 10:22:06.616 [main] MyStoreV1 - Clicked on Logout Button
Name of Successfully executed test method: Login
]]></system-out>
  </testcase>
  <testcase name="Youtube[Shiv Shiv Shiv shambhu mahadev shambhu](1)" classname="com.mystore.testcases.TC_LoginPageTestDataDrivenTesting" time="30.992">
    <system-out><![CDATA[Name of Started test method: Youtube
[INFO ] 2023-04-09 10:22:14.947 [main] MyStoreV1 - YouTube url opened
[INFO ] 2023-04-09 10:22:25.424 [main] MyStoreV1 - Entered songname
[INFO ] 2023-04-09 10:22:25.615 [main] MyStoreV1 - Clicked on search button
[INFO ] 2023-04-09 10:22:27.574 [main] MyStoreV1 - clicked on song
[INFO ] 2023-04-09 10:22:37.604 [main] MyStoreV1 - Youtube method passed.
Name of Successfully executed test method: Youtube
]]></system-out>
  </testcase>
</testsuite>