<?xml version="1.0" encoding="UTF-8"?>
<testsuite xmlns:xsi="http://www.w3.org/2001/XMLSchema-instance" xsi:noNamespaceSchemaLocation="https://maven.apache.org/surefire/maven-surefire-plugin/xsd/surefire-test-report-3.0.xsd" version="3.0" name="TestSuite" time="41.044" tests="3" errors="0" skipped="0" failures="0">
  <properties>
[...]
</properties>
  <testcase name="Login[standard_user, secret_sauce](1)" classname="com.mystore.testcases.TC_LoginPageTestDataDrivenTesting" time="0.922">
    <system-out><![CDATA[On start method invoked...
[INFO ] 2024-02-17 09:36:48.069 [main] MyStoreV1 - url opened
[DEBUG] 2024-02-17 09:36:48.367 [main] PackageRelationshipCollection - Parsing relationship: /xl/_rels/workbook.xml.rels
[DEBUG] 2024-02-17 09:36:48.372 [main] PackageRelationshipCollection - Parsing relationship: /xl/worksheets/_rels/sheet1.xml.rels
[DEBUG] 2024-02-17 09:36:48.374 [main] PackageRelationshipCollection - Parsing relationship: /_rels/.rels
[DEBUG] 2024-02-17 09:36:49.166 [main] PackageRelationshipCollection - Parsing relationship: /xl/_rels/workbook.xml.rels
[DEBUG] 2024-02-17 09:36:49.169 [main] PackageRelationshipCollection - Parsing relationship: /xl/worksheets/_rels/sheet1.xml.rels
[DEBUG] 2024-02-17 09:36:49.171 [main] PackageRelationshipCollection - Parsing relationship: /_rels/.rels
[DEBUG] 2024-02-17 09:36:49.211 [main] PackageRelationshipCollection - Parsing relationship: /xl/_rels/workbook.xml.rels
[DEBUG] 2024-02-17 09:36:49.213 [main] PackageRelationshipCollection - Parsing relationship: /xl/worksheets/_rels/sheet1.xml.rels
[DEBUG] 2024-02-17 09:36:49.215 [main] PackageRelationshipCollection - Parsing relationship: /_rels/.rels
[DEBUG] 2024-02-17 09:36:49.268 [main] PackageRelationshipCollection - Parsing relationship: /xl/_rels/workbook.xml.rels
[DEBUG] 2024-02-17 09:36:49.270 [main] PackageRelationshipCollection - Parsing relationship: /xl/worksheets/_rels/sheet1.xml.rels
[DEBUG] 2024-02-17 09:36:49.272 [main] PackageRelationshipCollection - Parsing relationship: /_rels/.rels
[DEBUG] 2024-02-17 09:36:49.316 [main] PackageRelationshipCollection - Parsing relationship: /xl/_rels/workbook.xml.rels
[DEBUG] 2024-02-17 09:36:49.319 [main] PackageRelationshipCollection - Parsing relationship: /xl/worksheets/_rels/sheet1.xml.rels
[DEBUG] 2024-02-17 09:36:49.321 [main] PackageRelationshipCollection - Parsing relationship: /_rels/.rels
[DEBUG] 2024-02-17 09:36:49.364 [main] PackageRelationshipCollection - Parsing relationship: /xl/_rels/workbook.xml.rels
[DEBUG] 2024-02-17 09:36:49.366 [main] PackageRelationshipCollection - Parsing relationship: /xl/worksheets/_rels/sheet1.xml.rels
[DEBUG] 2024-02-17 09:36:49.368 [main] PackageRelationshipCollection - Parsing relationship: /_rels/.rels
Name of Started test method: Login
[INFO ] 2024-02-17 09:36:49.596 [main] MyStoreV1 - Entered Username
[INFO ] 2024-02-17 09:36:49.708 [main] MyStoreV1 - Entered Password
[INFO ] 2024-02-17 09:36:49.917 [main] MyStoreV1 - Clicked on Login Button
[INFO ] 2024-02-17 09:36:50.062 [main] MyStoreV1 - Clicked on menu button
[INFO ] 2024-02-17 09:36:50.298 [main] MyStoreV1 - Clicked on Logout Button
Name of Successfully executed test method: Login
]]></system-out>
    <system-err><![CDATA[SLF4J: Failed to load class "org.slf4j.impl.StaticLoggerBinder".
SLF4J: Defaulting to no-operation (NOP) logger implementation
SLF4J: See http://www.slf4j.org/codes.html#StaticLoggerBinder for further details.
]]></system-err>
  </testcase>
  <testcase name="Login[problem_user, secret_sauce](2)" classname="com.mystore.testcases.TC_LoginPageTestDataDrivenTesting" time="0.619">
    <system-out><![CDATA[Name of Started test method: Login
[INFO ] 2024-02-17 09:36:50.442 [main] MyStoreV1 - Entered Username
[INFO ] 2024-02-17 09:36:50.562 [main] MyStoreV1 - Entered Password
[INFO ] 2024-02-17 09:36:50.692 [main] MyStoreV1 - Clicked on Login Button
[INFO ] 2024-02-17 09:36:50.790 [main] MyStoreV1 - Clicked on menu button
[INFO ] 2024-02-17 09:36:50.946 [main] MyStoreV1 - Clicked on Logout Button
Name of Successfully executed test method: Login
]]></system-out>
  </testcase>
  <testcase name="Youtube[Shiv Shiv Shiv shambhu mahadev shambhu](1)" classname="com.mystore.testcases.TC_LoginPageTestDataDrivenTesting" time="31.274">
    <system-out><![CDATA[Name of Started test method: Youtube
[INFO ] 2024-02-17 09:36:59.778 [main] MyStoreV1 - YouTube url opened
[INFO ] 2024-02-17 09:37:10.109 [main] MyStoreV1 - Entered songname
[INFO ] 2024-02-17 09:37:10.351 [main] MyStoreV1 - Clicked on search button
[INFO ] 2024-02-17 09:37:12.195 [main] MyStoreV1 - clicked on song
[INFO ] 2024-02-17 09:37:22.224 [main] MyStoreV1 - Youtube method passed.
Name of Successfully executed test method: Youtube
]]></system-out>
  </testcase>
</testsuite>