<?xml version="1.0" encoding="UTF-8"?>
<testng-results ignored="0" total="3" passed="3" failed="0" skipped="0">
  <reporter-output>
  </reporter-output>
  <suite started-at="2024-02-17T09:38:00 IST" name="Login" finished-at="2024-02-17T09:38:39 IST" duration-ms="38926">
    <groups>
    </groups>
    <test started-at="2024-02-17T09:38:00 IST" name="Login_Test" finished-at="2024-02-17T09:38:39 IST" duration-ms="38926">
      <class name="com.mystore.testcases.TC_LoginPageTestDataDrivenTesting">
        <test-method is-config="true" signature="setup()[pri:0, instance:com.mystore.testcases.TC_LoginPageTestDataDrivenTesting@702657cc]" started-at="2024-02-17T09:38:00 IST" name="setup" finished-at="2024-02-17T09:38:05 IST" duration-ms="4591" status="PASS">
          <reporter-output>
          </reporter-output>
        </test-method> <!-- setup -->
        <test-method signature="Login(java.lang.String,java.lang.String)[pri:0, instance:com.mystore.testcases.TC_LoginPageTestDataDrivenTesting@702657cc]" started-at="2024-02-17T09:38:06 IST" name="Login" data-provider="LoginDataProvider" finished-at="2024-02-17T09:38:07 IST" duration-ms="952" status="PASS">
          <params>
            <param index="0">
              <value>
                <![CDATA[standard_user]]>
              </value>
            </param>
            <param index="1">
              <value>
                <![CDATA[secret_sauce]]>
              </value>
            </param>
          </params>
          <reporter-output>
          </reporter-output>
        </test-method> <!-- Login -->
        <test-method signature="Login(java.lang.String,java.lang.String)[pri:0, instance:com.mystore.testcases.TC_LoginPageTestDataDrivenTesting@702657cc]" started-at="2024-02-17T09:38:07 IST" name="Login" data-provider="LoginDataProvider" finished-at="2024-02-17T09:38:08 IST" duration-ms="577" status="PASS">
          <params>
            <param index="0">
              <value>
                <![CDATA[problem_user]]>
              </value>
            </param>
            <param index="1">
              <value>
                <![CDATA[secret_sauce]]>
              </value>
            </param>
          </params>
          <reporter-output>
          </reporter-output>
        </test-method> <!-- Login -->
        <test-method signature="Youtube(java.lang.String)[pri:0, instance:com.mystore.testcases.TC_LoginPageTestDataDrivenTesting@702657cc]" started-at="2024-02-17T09:38:08 IST" name="Youtube" finished-at="2024-02-17T09:38:38 IST" duration-ms="30468" status="PASS">
          <params>
            <param index="0">
              <value>
                <![CDATA[Shiv Shiv Shiv shambhu mahadev shambhu]]>
              </value>
            </param>
          </params>
          <reporter-output>
          </reporter-output>
        </test-method> <!-- Youtube -->
        <test-method is-config="true" signature="tearDown()[pri:0, instance:com.mystore.testcases.TC_LoginPageTestDataDrivenTesting@702657cc]" started-at="2024-02-17T09:38:38 IST" name="tearDown" finished-at="2024-02-17T09:38:39 IST" duration-ms="529" status="PASS">
          <reporter-output>
          </reporter-output>
        </test-method> <!-- tearDown -->
      </class> <!-- com.mystore.testcases.TC_LoginPageTestDataDrivenTesting -->
    </test> <!-- Login_Test -->
  </suite> <!-- Login -->
</testng-results>
