<?xml version="1.0" encoding="UTF-8"?>
<!-- Generated by org.testng.reporters.JUnitXMLReporter -->
<testsuite ignored="0" hostname="DESKTOP-9RG7NDH" failures="0" tests="3" name="Login_Test" time="22.882" errors="0" timestamp="2024-02-17T11:13:24 IST">
  <testcase classname="com.mystore.testcases.TC_LoginPageTestDataDrivenTesting" name="Login" time="0.85"/>
  <testcase classname="com.mystore.testcases.TC_LoginPageTestDataDrivenTesting" name="Login" time="0.585"/>
  <testcase classname="com.mystore.testcases.TC_LoginPageTestDataDrivenTesting" name="Youtube" time="14.044"/>
</testsuite> <!-- Login_Test -->
